<?xml version="1.0" encoding="UTF-8"?>
<!-- Generated by org.testng.reporters.JUnitReportReporter -->
<testsuite hostname="DESKTOP-7B89BNQ" failures="1" tests="14" name="runner.MainPageLocationSearchRunner" time="219.135" errors="0" timestamp="2021-12-06T17:33:47 SGT" skipped="3">
  <testcase classname="runner.MainPageLocationSearchRunner" name="runScenario" time="10.472"/>
  <system-out/>
  <testcase classname="runner.MainPageLocationSearchRunner" name="runScenario" time="7.001"/>
  <system-out/>
  <testcase classname="runner.MainPageLocationSearchRunner" name="runScenario" time="8.897"/>
  <system-out/>
  <testcase classname="runner.MainPageLocationSearchRunner" name="runScenario" time="11.056"/>
  <system-out/>
  <testcase classname="runner.MainPageLocationSearchRunner" name="runScenario" time="7.326"/>
  <system-out/>
  <testcase classname="runner.MainPageLocationSearchRunner" name="runScenario" time="13.338"/>
  <system-out/>
  <testcase classname="runner.MainPageLocationSearchRunner" name="runScenario" time="7.348"/>
  <system-out/>
  <testcase classname="runner.MainPageLocationSearchRunner" name="runScenario" time="7.340"/>
  <system-out/>
  <testcase classname="runner.MainPageLocationSearchRunner" name="runScenario" time="4.637"/>
  <system-out/>
  <testcase classname="runner.MainPageLocationSearchRunner" name="runScenario" time="33.524">
    <skipped/>
  </testcase> <!-- runScenario -->
  <system-out/>
  <testcase classname="runner.MainPageLocationSearchRunner" name="runScenario" time="34.577">
    <skipped/>
  </testcase> <!-- runScenario -->
  <system-out/>
  <testcase classname="runner.MainPageLocationSearchRunner" name="runScenario" time="32.874">
    <failure message="expected [Password] but found [Password should be min 6 chars]" type="java.lang.AssertionError">
      <![CDATA[java.lang.AssertionError: expected [Password] but found [Password should be min 6 chars]
at org.testng.Assert.fail(Assert.java:99)
at org.testng.Assert.failNotEquals(Assert.java:1037)
at org.testng.Assert.assertEqualsImpl(Assert.java:140)
at org.testng.Assert.assertEquals(Assert.java:122)
at org.testng.Assert.assertEquals(Assert.java:629)
at org.testng.Assert.assertEquals(Assert.java:639)
at steps.SignUpStepsDefinitions.user_enter_password_and_system_check_the_validity_of_the_information_entered(SignUpStepsDefinitions.java:86)
at âœ½.User enter Password and System check the validity of the information entered(file:///C:/Users/Zixiang/eclipse-workspace/HelloWorld/Swiggy/src/test/resources/featureFiles/MainPage/SignUp.feature:13)
]]>
    </failure>
  </testcase> <!-- runScenario -->
  <system-out/>
  <testcase classname="runner.MainPageLocationSearchRunner" name="runScenario" time="6.891"/>
  <system-out/>
  <testcase classname="runner.MainPageLocationSearchRunner" name="runScenario" time="33.854">
    <skipped/>
  </testcase> <!-- runScenario -->
  <system-out/>
</testsuite> <!-- runner.MainPageLocationSearchRunner -->
