<?xml version="1.0" encoding="UTF-8"?>
<testng-results retried="3" ignored="0" total="15" passed="11" failed="1" skipped="0">
  <reporter-output>
  </reporter-output>
  <suite started-at="2021-12-06T17:29:41 SGT" name="Swiggy Regression" finished-at="2021-12-06T17:33:46 SGT" duration-ms="244750">
    <groups>
      <group name="cucumber">
        <method signature="AbstractTestNGCucumberTests.runScenario(io.cucumber.testng.PickleWrapper,io.cucumber.testng.FeatureWrapper)[pri:0, instance:runner.MainPageLocationSearchRunner@2bd08376]" name="runScenario" class="io.cucumber.testng.AbstractTestNGCucumberTests"/>
        <method signature="AbstractTestNGCucumberTests.runScenario(io.cucumber.testng.PickleWrapper,io.cucumber.testng.FeatureWrapper)[pri:0, instance:runner.RestaurantsPageRunner@466276d8]" name="runScenario" class="io.cucumber.testng.AbstractTestNGCucumberTests"/>
      </group> <!-- cucumber -->
    </groups>
    <test started-at="2021-12-06T17:29:41 SGT" name="Swiggy Regression" finished-at="2021-12-06T17:33:46 SGT" duration-ms="244750">
      <class name="runner.RestaurantsPageRunner">
        <test-method is-config="true" signature="setUpClass(org.testng.ITestContext)[pri:0, instance:runner.RestaurantsPageRunner@466276d8]" started-at="2021-12-06T17:33:22 SGT" name="setUpClass" finished-at="2021-12-06T17:33:22 SGT" duration-ms="33" status="PASS">
          <params>
            <param index="0">
              <value>
                <![CDATA[org.testng.TestRunner@75937998]]>
              </value>
            </param>
          </params>
          <reporter-output>
          </reporter-output>
        </test-method> <!-- setUpClass -->
        <test-method signature="runScenario(io.cucumber.testng.PickleWrapper,io.cucumber.testng.FeatureWrapper)[pri:0, instance:runner.RestaurantsPageRunner@466276d8]" started-at="2021-12-06T17:33:22 SGT" name="runScenario" description="Runs Cucumber Scenarios" data-provider="scenarios" finished-at="2021-12-06T17:33:46 SGT" duration-ms="24134" status="PASS">
          <params>
            <param index="0">
              <value>
                <![CDATA[""]]>
              </value>
            </param>
            <param index="1">
              <value>
                <![CDATA["Optional[To test results sorting functionality.]"]]>
              </value>
            </param>
          </params>
          <reporter-output>
          </reporter-output>
        </test-method> <!-- runScenario -->
        <test-method is-config="true" signature="tearDownClass()[pri:0, instance:runner.RestaurantsPageRunner@466276d8]" started-at="2021-12-06T17:33:46 SGT" name="tearDownClass" finished-at="2021-12-06T17:33:46 SGT" duration-ms="29" status="PASS">
          <reporter-output>
          </reporter-output>
        </test-method> <!-- tearDownClass -->
      </class> <!-- runner.RestaurantsPageRunner -->
      <class name="runner.MainPageLocationSearchRunner">
        <test-method is-config="true" signature="setUpClass(org.testng.ITestContext)[pri:0, instance:runner.MainPageLocationSearchRunner@2bd08376]" started-at="2021-12-06T17:29:41 SGT" name="setUpClass" finished-at="2021-12-06T17:29:43 SGT" duration-ms="1119" status="PASS">
          <params>
            <param index="0">
              <value>
                <![CDATA[org.testng.TestRunner@75937998]]>
              </value>
            </param>
          </params>
          <reporter-output>
          </reporter-output>
        </test-method> <!-- setUpClass -->
        <test-method signature="runScenario(io.cucumber.testng.PickleWrapper,io.cucumber.testng.FeatureWrapper)[pri:0, instance:runner.MainPageLocationSearchRunner@2bd08376]" started-at="2021-12-06T17:29:43 SGT" name="runScenario" description="Runs Cucumber Scenarios" data-provider="scenarios" finished-at="2021-12-06T17:29:53 SGT" duration-ms="10472" status="PASS">
          <params>
            <param index="0">
              <value>
                <![CDATA[""]]>
              </value>
            </param>
            <param index="1">
              <value>
                <![CDATA["Optional[To test location searchbar functionality.]"]]>
              </value>
            </param>
          </params>
          <reporter-output>
          </reporter-output>
        </test-method> <!-- runScenario -->
        <test-method signature="runScenario(io.cucumber.testng.PickleWrapper,io.cucumber.testng.FeatureWrapper)[pri:0, instance:runner.MainPageLocationSearchRunner@2bd08376]" started-at="2021-12-06T17:29:53 SGT" name="runScenario" description="Runs Cucumber Scenarios" data-provider="scenarios" finished-at="2021-12-06T17:30:02 SGT" duration-ms="8897" status="PASS">
          <params>
            <param index="0">
              <value>
                <![CDATA[""]]>
              </value>
            </param>
            <param index="1">
              <value>
                <![CDATA["Optional[To test location searchbar functionality.]"]]>
              </value>
            </param>
          </params>
          <reporter-output>
          </reporter-output>
        </test-method> <!-- runScenario -->
        <test-method signature="runScenario(io.cucumber.testng.PickleWrapper,io.cucumber.testng.FeatureWrapper)[pri:0, instance:runner.MainPageLocationSearchRunner@2bd08376]" started-at="2021-12-06T17:30:02 SGT" name="runScenario" description="Runs Cucumber Scenarios" data-provider="scenarios" finished-at="2021-12-06T17:30:09 SGT" duration-ms="7348" status="PASS">
          <params>
            <param index="0">
              <value>
                <![CDATA[""]]>
              </value>
            </param>
            <param index="1">
              <value>
                <![CDATA["Optional[To test location searchbar functionality.]"]]>
              </value>
            </param>
          </params>
          <reporter-output>
          </reporter-output>
        </test-method> <!-- runScenario -->
        <test-method signature="runScenario(io.cucumber.testng.PickleWrapper,io.cucumber.testng.FeatureWrapper)[pri:0, instance:runner.MainPageLocationSearchRunner@2bd08376]" started-at="2021-12-06T17:30:09 SGT" name="runScenario" description="Runs Cucumber Scenarios" data-provider="scenarios" finished-at="2021-12-06T17:30:23 SGT" duration-ms="13338" status="PASS">
          <params>
            <param index="0">
              <value>
                <![CDATA[""]]>
              </value>
            </param>
            <param index="1">
              <value>
                <![CDATA["Optional[To test location searchbar functionality.]"]]>
              </value>
            </param>
          </params>
          <reporter-output>
          </reporter-output>
        </test-method> <!-- runScenario -->
        <test-method signature="runScenario(io.cucumber.testng.PickleWrapper,io.cucumber.testng.FeatureWrapper)[pri:0, instance:runner.MainPageLocationSearchRunner@2bd08376]" started-at="2021-12-06T17:30:23 SGT" name="runScenario" description="Runs Cucumber Scenarios" data-provider="scenarios" finished-at="2021-12-06T17:30:30 SGT" duration-ms="6891" status="PASS">
          <params>
            <param index="0">
              <value>
                <![CDATA[""]]>
              </value>
            </param>
            <param index="1">
              <value>
                <![CDATA["Optional[To test location searchbar functionality.]"]]>
              </value>
            </param>
          </params>
          <reporter-output>
          </reporter-output>
        </test-method> <!-- runScenario -->
        <test-method signature="runScenario(io.cucumber.testng.PickleWrapper,io.cucumber.testng.FeatureWrapper)[pri:0, instance:runner.MainPageLocationSearchRunner@2bd08376]" started-at="2021-12-06T17:30:30 SGT" name="runScenario" description="Runs Cucumber Scenarios" data-provider="scenarios" finished-at="2021-12-06T17:30:37 SGT" duration-ms="7001" status="PASS">
          <params>
            <param index="0">
              <value>
                <![CDATA[""]]>
              </value>
            </param>
            <param index="1">
              <value>
                <![CDATA["Optional[To test location searchbar functionality.]"]]>
              </value>
            </param>
          </params>
          <reporter-output>
          </reporter-output>
        </test-method> <!-- runScenario -->
        <test-method signature="runScenario(io.cucumber.testng.PickleWrapper,io.cucumber.testng.FeatureWrapper)[pri:0, instance:runner.MainPageLocationSearchRunner@2bd08376]" started-at="2021-12-06T17:30:37 SGT" name="runScenario" description="Runs Cucumber Scenarios" data-provider="scenarios" finished-at="2021-12-06T17:30:44 SGT" duration-ms="7340" status="PASS">
          <params>
            <param index="0">
              <value>
                <![CDATA[""]]>
              </value>
            </param>
            <param index="1">
              <value>
                <![CDATA["Optional[To test location searchbar functionality.]"]]>
              </value>
            </param>
          </params>
          <reporter-output>
          </reporter-output>
        </test-method> <!-- runScenario -->
        <test-method signature="runScenario(io.cucumber.testng.PickleWrapper,io.cucumber.testng.FeatureWrapper)[pri:0, instance:runner.MainPageLocationSearchRunner@2bd08376]" started-at="2021-12-06T17:30:44 SGT" name="runScenario" description="Runs Cucumber Scenarios" data-provider="scenarios" finished-at="2021-12-06T17:30:51 SGT" duration-ms="7326" status="PASS">
          <params>
            <param index="0">
              <value>
                <![CDATA[""]]>
              </value>
            </param>
            <param index="1">
              <value>
                <![CDATA["Optional[To test location searchbar functionality.]"]]>
              </value>
            </param>
          </params>
          <reporter-output>
          </reporter-output>
        </test-method> <!-- runScenario -->
        <test-method signature="runScenario(io.cucumber.testng.PickleWrapper,io.cucumber.testng.FeatureWrapper)[pri:0, instance:runner.MainPageLocationSearchRunner@2bd08376]" started-at="2021-12-06T17:30:51 SGT" name="runScenario" description="Runs Cucumber Scenarios" data-provider="scenarios" finished-at="2021-12-06T17:31:02 SGT" duration-ms="11056" status="PASS">
          <params>
            <param index="0">
              <value>
                <![CDATA[""]]>
              </value>
            </param>
            <param index="1">
              <value>
                <![CDATA["Optional[To test location searchbar functionality.]"]]>
              </value>
            </param>
          </params>
          <reporter-output>
          </reporter-output>
        </test-method> <!-- runScenario -->
        <test-method signature="runScenario(io.cucumber.testng.PickleWrapper,io.cucumber.testng.FeatureWrapper)[pri:0, instance:runner.MainPageLocationSearchRunner@2bd08376]" started-at="2021-12-06T17:31:02 SGT" name="runScenario" description="Runs Cucumber Scenarios" data-provider="scenarios" finished-at="2021-12-06T17:31:07 SGT" duration-ms="4637" status="PASS">
          <params>
            <param index="0">
              <value>
                <![CDATA[""]]>
              </value>
            </param>
            <param index="1">
              <value>
                <![CDATA["Optional[To test location searchbar functionality.]"]]>
              </value>
            </param>
          </params>
          <reporter-output>
          </reporter-output>
        </test-method> <!-- runScenario -->
        <test-method retried="true" signature="runScenario(io.cucumber.testng.PickleWrapper,io.cucumber.testng.FeatureWrapper)[pri:0, instance:runner.MainPageLocationSearchRunner@2bd08376]" started-at="2021-12-06T17:31:07 SGT" name="runScenario" description="Runs Cucumber Scenarios" data-provider="scenarios" finished-at="2021-12-06T17:31:40 SGT" duration-ms="33524" status="SKIP">
          <params>
            <param index="0">
              <value>
                <![CDATA[""]]>
              </value>
            </param>
            <param index="1">
              <value>
                <![CDATA["Optional[To test negative sign up functionality.]"]]>
              </value>
            </param>
          </params>
          <exception class="java.lang.AssertionError">
            <message>
              <![CDATA[expected [Password] but found [Password should be min 6 chars]]]>
            </message>
            <full-stacktrace>
              <![CDATA[java.lang.AssertionError: expected [Password] but found [Password should be min 6 chars]
at org.testng.Assert.fail(Assert.java:99)
at org.testng.Assert.failNotEquals(Assert.java:1037)
at org.testng.Assert.assertEqualsImpl(Assert.java:140)
at org.testng.Assert.assertEquals(Assert.java:122)
at org.testng.Assert.assertEquals(Assert.java:629)
at org.testng.Assert.assertEquals(Assert.java:639)
at steps.SignUpStepsDefinitions.user_enter_password_and_system_check_the_validity_of_the_information_entered(SignUpStepsDefinitions.java:86)
at ✽.User enter Password and System check the validity of the information entered(file:///C:/Users/Zixiang/eclipse-workspace/HelloWorld/Swiggy/src/test/resources/featureFiles/MainPage/SignUp.feature:13)
]]>
            </full-stacktrace>
          </exception> <!-- java.lang.AssertionError -->
          <reporter-output>
          </reporter-output>
        </test-method> <!-- runScenario -->
        <test-method retried="true" signature="runScenario(io.cucumber.testng.PickleWrapper,io.cucumber.testng.FeatureWrapper)[pri:0, instance:runner.MainPageLocationSearchRunner@2bd08376]" started-at="2021-12-06T17:31:40 SGT" name="runScenario" description="Runs Cucumber Scenarios" data-provider="scenarios" finished-at="2021-12-06T17:32:14 SGT" duration-ms="33854" status="SKIP">
          <params>
            <param index="0">
              <value>
                <![CDATA[""]]>
              </value>
            </param>
            <param index="1">
              <value>
                <![CDATA["Optional[To test negative sign up functionality.]"]]>
              </value>
            </param>
          </params>
          <exception class="java.lang.AssertionError">
            <message>
              <![CDATA[expected [Password] but found [Password should be min 6 chars]]]>
            </message>
            <full-stacktrace>
              <![CDATA[java.lang.AssertionError: expected [Password] but found [Password should be min 6 chars]
at org.testng.Assert.fail(Assert.java:99)
at org.testng.Assert.failNotEquals(Assert.java:1037)
at org.testng.Assert.assertEqualsImpl(Assert.java:140)
at org.testng.Assert.assertEquals(Assert.java:122)
at org.testng.Assert.assertEquals(Assert.java:629)
at org.testng.Assert.assertEquals(Assert.java:639)
at steps.SignUpStepsDefinitions.user_enter_password_and_system_check_the_validity_of_the_information_entered(SignUpStepsDefinitions.java:86)
at ✽.User enter Password and System check the validity of the information entered(file:///C:/Users/Zixiang/eclipse-workspace/HelloWorld/Swiggy/src/test/resources/featureFiles/MainPage/SignUp.feature:13)
]]>
            </full-stacktrace>
          </exception> <!-- java.lang.AssertionError -->
          <reporter-output>
          </reporter-output>
        </test-method> <!-- runScenario -->
        <test-method retried="true" signature="runScenario(io.cucumber.testng.PickleWrapper,io.cucumber.testng.FeatureWrapper)[pri:0, instance:runner.MainPageLocationSearchRunner@2bd08376]" started-at="2021-12-06T17:32:14 SGT" name="runScenario" description="Runs Cucumber Scenarios" data-provider="scenarios" finished-at="2021-12-06T17:32:49 SGT" duration-ms="34577" status="SKIP">
          <params>
            <param index="0">
              <value>
                <![CDATA[""]]>
              </value>
            </param>
            <param index="1">
              <value>
                <![CDATA["Optional[To test negative sign up functionality.]"]]>
              </value>
            </param>
          </params>
          <exception class="java.lang.AssertionError">
            <message>
              <![CDATA[expected [Password] but found [Password should be min 6 chars]]]>
            </message>
            <full-stacktrace>
              <![CDATA[java.lang.AssertionError: expected [Password] but found [Password should be min 6 chars]
at org.testng.Assert.fail(Assert.java:99)
at org.testng.Assert.failNotEquals(Assert.java:1037)
at org.testng.Assert.assertEqualsImpl(Assert.java:140)
at org.testng.Assert.assertEquals(Assert.java:122)
at org.testng.Assert.assertEquals(Assert.java:629)
at org.testng.Assert.assertEquals(Assert.java:639)
at steps.SignUpStepsDefinitions.user_enter_password_and_system_check_the_validity_of_the_information_entered(SignUpStepsDefinitions.java:86)
at ✽.User enter Password and System check the validity of the information entered(file:///C:/Users/Zixiang/eclipse-workspace/HelloWorld/Swiggy/src/test/resources/featureFiles/MainPage/SignUp.feature:13)
]]>
            </full-stacktrace>
          </exception> <!-- java.lang.AssertionError -->
          <reporter-output>
          </reporter-output>
        </test-method> <!-- runScenario -->
        <test-method signature="runScenario(io.cucumber.testng.PickleWrapper,io.cucumber.testng.FeatureWrapper)[pri:0, instance:runner.MainPageLocationSearchRunner@2bd08376]" started-at="2021-12-06T17:32:49 SGT" name="runScenario" description="Runs Cucumber Scenarios" data-provider="scenarios" finished-at="2021-12-06T17:33:22 SGT" duration-ms="32874" status="FAIL">
          <params>
            <param index="0">
              <value>
                <![CDATA[""]]>
              </value>
            </param>
            <param index="1">
              <value>
                <![CDATA["Optional[To test negative sign up functionality.]"]]>
              </value>
            </param>
          </params>
          <exception class="java.lang.AssertionError">
            <message>
              <![CDATA[expected [Password] but found [Password should be min 6 chars]]]>
            </message>
            <full-stacktrace>
              <![CDATA[java.lang.AssertionError: expected [Password] but found [Password should be min 6 chars]
at org.testng.Assert.fail(Assert.java:99)
at org.testng.Assert.failNotEquals(Assert.java:1037)
at org.testng.Assert.assertEqualsImpl(Assert.java:140)
at org.testng.Assert.assertEquals(Assert.java:122)
at org.testng.Assert.assertEquals(Assert.java:629)
at org.testng.Assert.assertEquals(Assert.java:639)
at steps.SignUpStepsDefinitions.user_enter_password_and_system_check_the_validity_of_the_information_entered(SignUpStepsDefinitions.java:86)
at ✽.User enter Password and System check the validity of the information entered(file:///C:/Users/Zixiang/eclipse-workspace/HelloWorld/Swiggy/src/test/resources/featureFiles/MainPage/SignUp.feature:13)
]]>
            </full-stacktrace>
          </exception> <!-- java.lang.AssertionError -->
          <reporter-output>
          </reporter-output>
        </test-method> <!-- runScenario -->
        <test-method is-config="true" signature="tearDownClass()[pri:0, instance:runner.MainPageLocationSearchRunner@2bd08376]" started-at="2021-12-06T17:33:22 SGT" name="tearDownClass" finished-at="2021-12-06T17:33:22 SGT" duration-ms="190" status="PASS">
          <reporter-output>
          </reporter-output>
        </test-method> <!-- tearDownClass -->
      </class> <!-- runner.MainPageLocationSearchRunner -->
    </test> <!-- Swiggy Regression -->
  </suite> <!-- Swiggy Regression -->
</testng-results>
